<?xml version="1.0" encoding="UTF-8"?>
<testng-results ignored="0" total="1" passed="1" failed="0" skipped="0">
  <reporter-output>
  </reporter-output>
  <suite started-at="2024-09-01T15:02:35 IST" name="Default suite" finished-at="2024-09-01T15:02:40 IST" duration-ms="5950">
    <groups>
    </groups>
    <test started-at="2024-09-01T15:02:35 IST" name="Default test" finished-at="2024-09-01T15:02:40 IST" duration-ms="5950">
      <class name="exampleMaven.Sample">
        <test-method signature="exmple()[pri:0, instance:exampleMaven.Sample@4efac082]" started-at="2024-09-01T15:02:35 IST" name="exmple" finished-at="2024-09-01T15:02:40 IST" duration-ms="5916" status="PASS">
          <reporter-output>
          </reporter-output>
        </test-method> <!-- exmple -->
      </class> <!-- exampleMaven.Sample -->
    </test> <!-- Default test -->
  </suite> <!-- Default suite -->
</testng-results>
